  Application.cpp
C:\Users\leste\OneDrive - Staffordshire University\FGGC\DX11 Framework 2018\Application.cpp(82,23): warning C4244: 'argument': conversion from 'UINT' to 'FLOAT', possible loss of data
C:\Users\leste\OneDrive - Staffordshire University\FGGC\DX11 Framework 2018\Application.cpp(82,9): warning C4244: 'argument': conversion from 'UINT' to 'FLOAT', possible loss of data
C:\Users\leste\OneDrive - Staffordshire University\FGGC\DX11 Framework 2018\Application.cpp(88,23): warning C4244: 'argument': conversion from 'UINT' to 'FLOAT', possible loss of data
C:\Users\leste\OneDrive - Staffordshire University\FGGC\DX11 Framework 2018\Application.cpp(88,9): warning C4244: 'argument': conversion from 'UINT' to 'FLOAT', possible loss of data
C:\Users\leste\OneDrive - Staffordshire University\FGGC\DX11 Framework 2018\Application.cpp(729,51): warning C4244: 'argument': conversion from 'double' to 'float', possible loss of data
C:\Users\leste\OneDrive - Staffordshire University\FGGC\DX11 Framework 2018\Application.cpp(729,157): warning C4244: 'argument': conversion from 'double' to 'float', possible loss of data
C:\Users\leste\OneDrive - Staffordshire University\FGGC\DX11 Framework 2018\Application.cpp(730,51): warning C4244: 'argument': conversion from 'double' to 'float', possible loss of data
C:\Users\leste\OneDrive - Staffordshire University\FGGC\DX11 Framework 2018\Application.cpp(730,157): warning C4244: 'argument': conversion from 'double' to 'float', possible loss of data
C:\Users\leste\OneDrive - Staffordshire University\FGGC\DX11 Framework 2018\Application.cpp(701,9): warning C4101: 'matScale': unreferenced local variable
C:\Users\leste\OneDrive - Staffordshire University\FGGC\DX11 Framework 2018\Application.cpp(700,9): warning C4101: 'matRota': unreferenced local variable
C:\Users\leste\OneDrive - Staffordshire University\FGGC\DX11 Framework 2018\Application.cpp(699,9): warning C4101: 'matTrans': unreferenced local variable
C:\Users\leste\OneDrive - Staffordshire University\FGGC\DX11 Framework 2018\Application.cpp(777): warning C4238: nonstandard extension used: class rvalue used as lvalue
C:\Users\leste\OneDrive - Staffordshire University\FGGC\DX11 Framework 2018\Application.cpp(778): warning C4238: nonstandard extension used: class rvalue used as lvalue
C:\Users\leste\OneDrive - Staffordshire University\FGGC\DX11 Framework 2018\Application.cpp(782): warning C4238: nonstandard extension used: class rvalue used as lvalue
C:\Users\leste\OneDrive - Staffordshire University\FGGC\DX11 Framework 2018\Application.cpp(783): warning C4238: nonstandard extension used: class rvalue used as lvalue
C:\Users\leste\OneDrive - Staffordshire University\FGGC\DX11 Framework 2018\Application.cpp(777,53): warning C4238: nonstandard extension used: class rvalue used as lvalue
C:\Users\leste\OneDrive - Staffordshire University\FGGC\DX11 Framework 2018\Application.cpp(778,65): warning C4238: nonstandard extension used: class rvalue used as lvalue
C:\Users\leste\OneDrive - Staffordshire University\FGGC\DX11 Framework 2018\Application.cpp(782,54): warning C4238: nonstandard extension used: class rvalue used as lvalue
C:\Users\leste\OneDrive - Staffordshire University\FGGC\DX11 Framework 2018\Application.cpp(783,66): warning C4238: nonstandard extension used: class rvalue used as lvalue
C:\Users\leste\OneDrive - Staffordshire University\FGGC\DX11 Framework 2018\Application.cpp(769,10): warning C4189: 'offset': local variable is initialized but not referenced
C:\Users\leste\OneDrive - Staffordshire University\FGGC\DX11 Framework 2018\Application.cpp(768,10): warning C4189: 'stride': local variable is initialized but not referenced
  DX11 Framework.vcxproj -> C:\Users\leste\OneDrive - Staffordshire University\FGGC\DX11 Framework 2018\Debug\DX11 Framework.exe
